<?xml version="1.0" encoding="UTF-8"?>
<testng-results ignored="0" total="0" passed="0" failed="0" skipped="0">
  <reporter-output>
  </reporter-output>
  <suite started-at="2025-11-26T11:08:09 IST" name="Playwright Assignment Suite" finished-at="2025-11-26T11:08:09 IST" duration-ms="12">
    <groups>
    </groups>
    <test started-at="2025-11-26T11:08:09 IST" name="Playwright Assignment Tests" finished-at="2025-11-26T11:08:09 IST" duration-ms="12">
    </test> <!-- Playwright Assignment Tests -->
  </suite> <!-- Playwright Assignment Suite -->
</testng-results>
